<?xml version="1.0" encoding="UTF-8"?>
<testng-results ignored="0" total="1" passed="1" failed="0" skipped="0">
  <reporter-output>
  </reporter-output>
  <suite started-at="2021-09-18T21:52:35 IST" name="Default suite" finished-at="2021-09-18T21:52:58 IST" duration-ms="23244">
    <groups>
    </groups>
    <test started-at="2021-09-18T21:52:35 IST" name="Default test" finished-at="2021-09-18T21:52:58 IST" duration-ms="23244">
      <class name="kiddopiaAutomationFramework.Redeemgift1">
        <test-method signature="Scroll()[pri:0, instance:kiddopiaAutomationFramework.Redeemgift1@c03cf28]" started-at="2021-09-18T21:52:35 IST" name="Scroll" finished-at="2021-09-18T21:52:58 IST" duration-ms="23186" status="PASS">
          <reporter-output>
          </reporter-output>
        </test-method> <!-- Scroll -->
      </class> <!-- kiddopiaAutomationFramework.Redeemgift1 -->
    </test> <!-- Default test -->
  </suite> <!-- Default suite -->
</testng-results>
